<?xml version="1.0" encoding="UTF-8"?>
<!-- Generated by org.testng.reporters.JUnitXMLReporter -->
<testsuite ignored="8" hostname="DESKTOP-6SO596L" failures="0" tests="1" name="Default test" time="49.089" errors="0" timestamp="2024-01-13T10:34:17 IST">
  <testcase classname="com.traval.qa.test.SearchHotelTest" name="ValidataBy_AddingRequirment_InHomePage" time="23.662"/>
  <testcase classname="com.traval.qa.test.SearchHotelTest" name="Validate_Hotelpage_bycheckingrequirment_FromHomePage" time="0.0">
    <ignored/>
  </testcase> <!-- Validate_Hotelpage_bycheckingrequirment_FromHomePage -->
  <testcase classname="com.traval.qa.test.SearchHotelTest" name="Validate_HomePage_Title" time="0.0">
    <ignored/>
  </testcase> <!-- Validate_HomePage_Title -->
  <testcase classname="com.traval.qa.test.SearchHotelTest" name="Validate_Hotelpageby_checkingrequirment_From_EditedListingPage" time="0.0">
    <ignored/>
  </testcase> <!-- Validate_Hotelpageby_checkingrequirment_From_EditedListingPage -->
  <testcase classname="com.traval.qa.test.SearchHotelTest" name="Edit_Requirments_InListingPage" time="0.0">
    <ignored/>
  </testcase> <!-- Edit_Requirments_InListingPage -->
  <testcase classname="com.traval.qa.test.SearchHotelTest" name="SucessFul_MassageConfirmation" time="0.0">
    <ignored/>
  </testcase> <!-- SucessFul_MassageConfirmation -->
  <testcase classname="com.traval.qa.test.SearchHotelTest" name="Validate_Hotelpage_bycheckingrequirment_FromListingPage" time="0.0">
    <ignored/>
  </testcase> <!-- Validate_Hotelpage_bycheckingrequirment_FromListingPage -->
  <testcase classname="com.traval.qa.test.SearchHotelTest" name="Byadding_Detailsand_ItineraryPageandConfirm" time="0.0">
    <ignored/>
  </testcase> <!-- Byadding_Detailsand_ItineraryPageandConfirm -->
  <testcase classname="com.traval.qa.test.SearchHotelTest" name="Validateby_Requirments_Matchingin_ListingPage_FromHomePage" time="0.0">
    <ignored/>
  </testcase> <!-- Validateby_Requirments_Matchingin_ListingPage_FromHomePage -->
</testsuite> <!-- Default test -->
