<?xml version="1.0" encoding="UTF-8"?>
<testng-results ignored="0" total="1" passed="1" failed="0" skipped="0">
  <reporter-output>
  </reporter-output>
  <suite started-at="2024-01-06T17:09:51 IST" name="Default suite" finished-at="2024-01-06T17:10:34 IST" duration-ms="42646">
    <groups>
    </groups>
    <test started-at="2024-01-06T17:09:51 IST" name="Default test" finished-at="2024-01-06T17:10:34 IST" duration-ms="42646">
      <class name="com.traval.qa.test.HotelLisitngTest">
        <test-method is-config="true" signature="setup()[pri:0, instance:com.traval.qa.test.HotelLisitngTest@121314f7]" started-at="2024-01-06T17:09:51 IST" name="setup" finished-at="2024-01-06T17:10:33 IST" duration-ms="41710" status="PASS">
          <reporter-output>
          </reporter-output>
        </test-method> <!-- setup -->
        <test-method signature="ValidateHomePageTitle()[pri:3, instance:com.traval.qa.test.HotelLisitngTest@121314f7]" started-at="2024-01-06T17:10:33 IST" name="ValidateHomePageTitle" finished-at="2024-01-06T17:10:34 IST" duration-ms="454" status="PASS">
          <reporter-output>
          </reporter-output>
        </test-method> <!-- ValidateHomePageTitle -->
        <test-method is-config="true" signature="tearDown()[pri:0, instance:com.traval.qa.test.HotelLisitngTest@121314f7]" started-at="2024-01-06T17:10:34 IST" name="tearDown" finished-at="2024-01-06T17:10:34 IST" duration-ms="382" status="PASS">
          <reporter-output>
          </reporter-output>
        </test-method> <!-- tearDown -->
      </class> <!-- com.traval.qa.test.HotelLisitngTest -->
    </test> <!-- Default test -->
  </suite> <!-- Default suite -->
</testng-results>
